<?xml version="1.0" encoding="UTF-8"?>
<!-- Generated by org.testng.reporters.JUnitReportReporter -->
<testsuite skipped="1" hostname="SHAAKIR-PC" name="com.training.sanity.tests.LoginTests" tests="2" failures="0" timestamp="15 May 2020 04:07:47 GMT" time="52.435" errors="0">
  <testcase name="BlogFunctionality" time="52.435" classname="com.training.sanity.tests.LoginTests"/>
  <testcase name="validLoginTest" classname="com.training.sanity.tests.LoginTests">
    <skipped/>
  </testcase> <!-- validLoginTest -->
</testsuite> <!-- com.training.sanity.tests.LoginTests -->
