<?xml version="1.0" encoding="UTF-8"?>
<!-- Generated by org.testng.reporters.JUnitReportReporter -->
<testsuite skipped="1" hostname="SHAAKIR-PC" name="com.training.sanity.tests.LoginTests" tests="2" failures="0" timestamp="08 May 2020 01:24:31 GMT" time="47.763" errors="0">
  <testcase name="validLoginTest1" time="47.763" classname="com.training.sanity.tests.LoginTests"/>
  <testcase name="validLoginTest2" classname="com.training.sanity.tests.LoginTests">
    <skipped/>
  </testcase> <!-- validLoginTest2 -->
</testsuite> <!-- com.training.sanity.tests.LoginTests -->
