<?xml version="1.0" encoding="UTF-8"?>
<!-- Generated by org.testng.reporters.JUnitReportReporter -->
<testsuite skipped="0" hostname="SHAAKIR-PC" name="com.training.regression.tests.LoginExcelTest" tests="3" failures="0" timestamp="22 May 2020 14:41:20 GMT" time="58.500" errors="0">
  <testcase name="loginDBTest" time="17.914" classname="com.training.regression.tests.LoginExcelTest"/>
  <testcase name="loginDBTest" time="17.522" classname="com.training.regression.tests.LoginExcelTest"/>
  <testcase name="loginDBTest" time="23.064" classname="com.training.regression.tests.LoginExcelTest"/>
</testsuite> <!-- com.training.regression.tests.LoginExcelTest -->
