<?xml version="1.0" encoding="UTF-8"?>
<!-- Generated by org.testng.reporters.JUnitReportReporter -->
<testsuite skipped="0" hostname="SHAAKIR-PC" name="com.training.regression.tests.LoginDBTest" tests="1" failures="0" timestamp="22 May 2020 14:46:42 GMT" time="22.401" errors="0">
  <testcase name="loginDBTest" time="22.401" classname="com.training.regression.tests.LoginDBTest"/>
</testsuite> <!-- com.training.regression.tests.LoginDBTest -->
